2025-12-29T17:46:23.921118720 - === TAKE PHOTO BUTTON CLICKED ===
2025-12-29T17:46:23.921811828 - Photo captured: 640x480
2025-12-29T17:46:23.921995851 - Stored in capturedPhoto[0]: 640x480
2025-12-29T17:46:23.922583099 - Updated preview ImageView
2025-12-29T17:46:40.636702913 - === SAVE PATIENT BUTTON CLICKED ===
2025-12-29T17:46:40.636943256 - Patient created with ID: 12
2025-12-29T17:46:40.637019124 - Checking capturedPhoto[0]...
2025-12-29T17:46:40.637219734 - capturedPhoto[0] is NOT NULL: 640x480
2025-12-29T17:46:40.637301392 - Calling photoService.savePatientPhoto for patient ID: 12
2025-12-29T17:46:40.638216105 - Photo save result: FAILED
2025-12-29T17:52:00.737169429 - === TAKE PHOTO BUTTON CLICKED ===
2025-12-29T17:52:00.737857974 - Photo captured: 640x480
2025-12-29T17:52:00.738060538 - Stored in capturedPhoto[0]: 640x480
2025-12-29T17:52:00.738661949 - Updated preview ImageView
2025-12-29T17:52:45.468668630 - === SAVE PATIENT BUTTON CLICKED ===
2025-12-29T17:52:45.469425628 - Patient created with ID: 13
2025-12-29T17:52:45.469707352 - Checking capturedPhoto[0]...
2025-12-29T17:52:45.470518846 - capturedPhoto[0] is NOT NULL: 640x480
2025-12-29T17:52:45.470979784 - Calling photoService.savePatientPhoto for patient ID: 13
2025-12-29T17:52:45.522326176 - Photo save result: SUCCESS
2025-12-29T17:53:58.868752355 - === TAKE PHOTO BUTTON CLICKED ===
2025-12-29T17:53:58.868927264 - Photo captured: 640x480
2025-12-29T17:53:58.868988467 - Stored in capturedPhoto[0]: 640x480
2025-12-29T17:53:58.869435791 - Updated preview ImageView
2025-12-29T17:54:13.738335692 - === UPLOAD PHOTO BUTTON CLICKED ===
2025-12-29T17:54:13.738660749 - Photo uploaded: 62x64
2025-12-29T17:54:13.738753372 - Stored in capturedPhoto[0]: 62x64
2025-12-29T17:54:13.739521139 - Updated preview ImageView
2025-12-29T17:54:28.783573418 - === SAVE PATIENT BUTTON CLICKED ===
2025-12-29T17:54:28.783984769 - Patient created with ID: 14
2025-12-29T17:54:28.784149370 - Checking capturedPhoto[0]...
2025-12-29T17:54:28.784420645 - capturedPhoto[0] is NOT NULL: 62x64
2025-12-29T17:54:28.784562086 - Calling photoService.savePatientPhoto for patient ID: 14
2025-12-29T17:54:28.787718330 - Photo save result: SUCCESS
